C:\Users\Developer\source\repos\Angular_2 Demo\Angular_2 Demo\src\app\app.component.js
C:\Users\Developer\source\repos\Angular_2 Demo\Angular_2 Demo\src\app\app.component.js.map
C:\Users\Developer\source\repos\Angular_2 Demo\Angular_2 Demo\src\app\employee\employee.component.js
C:\Users\Developer\source\repos\Angular_2 Demo\Angular_2 Demo\src\app\employee\employee.component.js.map
C:\Users\Developer\source\repos\Angular_2 Demo\Angular_2 Demo\src\app\employee\employee.js
C:\Users\Developer\source\repos\Angular_2 Demo\Angular_2 Demo\src\app\employee\employee.js.map
C:\Users\Developer\source\repos\Angular_2 Demo\Angular_2 Demo\src\app\employee\employee.service.js
C:\Users\Developer\source\repos\Angular_2 Demo\Angular_2 Demo\src\app\employee\employee.service.js.map
C:\Users\Developer\source\repos\Angular_2 Demo\Angular_2 Demo\src\app\employee\employeeList.component.js
C:\Users\Developer\source\repos\Angular_2 Demo\Angular_2 Demo\src\app\employee\employeeList.component.js.map
C:\Users\Developer\source\repos\Angular_2 Demo\Angular_2 Demo\src\app\employee\employeeTitle.pipe.js
C:\Users\Developer\source\repos\Angular_2 Demo\Angular_2 Demo\src\app\employee\employeeTitle.pipe.js.map
C:\Users\Developer\source\repos\Angular_2 Demo\Angular_2 Demo\src\app\employee\employeeCount.component.js
C:\Users\Developer\source\repos\Angular_2 Demo\Angular_2 Demo\src\app\employee\employeeCount.component.js.map
C:\Users\Developer\source\repos\Angular_2 Demo\Angular_2 Demo\src\app\others\sample.component.js
C:\Users\Developer\source\repos\Angular_2 Demo\Angular_2 Demo\src\app\others\sample.component.js.map
C:\Users\Developer\source\repos\Angular_2 Demo\Angular_2 Demo\src\app\app.module.js
C:\Users\Developer\source\repos\Angular_2 Demo\Angular_2 Demo\src\app\app.module.js.map
C:\Users\Developer\source\repos\Angular_2 Demo\Angular_2 Demo\src\main.js
C:\Users\Developer\source\repos\Angular_2 Demo\Angular_2 Demo\src\main.js.map
C:\Users\Developer\source\repos\Angular_2 Demo\Angular_2 Demo\src\app\app.component.spec.js
C:\Users\Developer\source\repos\Angular_2 Demo\Angular_2 Demo\src\app\app.component.spec.js.map
